<?xml version="1.0" encoding="UTF-8"?>
<testng-results ignored="0" total="1" passed="1" failed="0" skipped="0">
  <reporter-output>
  </reporter-output>
  <suite started-at="2021-11-17T17:45:44 IST" name="Default suite" finished-at="2021-11-17T17:46:36 IST" duration-ms="52456">
    <groups>
      <group name="smoke">
        <method signature="TC_Plays_005_Test.bookusingpricefilter()[pri:0, instance:bms_TestScripts.TC_Plays_005_Test@5a56cdac]" name="bookusingpricefilter" class="bms_TestScripts.TC_Plays_005_Test"/>
      </group> <!-- smoke -->
    </groups>
    <test started-at="2021-11-17T17:45:44 IST" name="Default test" finished-at="2021-11-17T17:46:36 IST" duration-ms="52456">
      <class name="bms_TestScripts.TC_Plays_005_Test">
        <test-method is-config="true" signature="LaunchingtheBrowser(java.lang.String)[pri:0, instance:bms_TestScripts.TC_Plays_005_Test@5a56cdac]" started-at="2021-11-17T17:45:44 IST" name="LaunchingtheBrowser" finished-at="2021-11-17T17:45:52 IST" duration-ms="7712" status="PASS">
          <params>
            <param index="0">
              <value>
                <![CDATA[chrome]]>
              </value>
            </param>
          </params>
          <reporter-output>
          </reporter-output>
        </test-method> <!-- LaunchingtheBrowser -->
        <test-method is-config="true" signature="Enteringtheurl()[pri:0, instance:bms_TestScripts.TC_Plays_005_Test@5a56cdac]" started-at="2021-11-17T17:45:52 IST" name="Enteringtheurl" finished-at="2021-11-17T17:46:07 IST" duration-ms="15557" status="PASS">
          <reporter-output>
          </reporter-output>
        </test-method> <!-- Enteringtheurl -->
        <test-method signature="bookusingpricefilter()[pri:0, instance:bms_TestScripts.TC_Plays_005_Test@5a56cdac]" started-at="2021-11-17T17:46:07 IST" name="bookusingpricefilter" finished-at="2021-11-17T17:46:35 IST" duration-ms="28065" status="PASS">
          <reporter-output>
          </reporter-output>
        </test-method> <!-- bookusingpricefilter -->
        <test-method is-config="true" signature="am()[pri:0, instance:bms_TestScripts.TC_Plays_005_Test@5a56cdac]" started-at="2021-11-17T17:46:35 IST" name="am" finished-at="2021-11-17T17:46:35 IST" duration-ms="1" status="PASS">
          <reporter-output>
          </reporter-output>
        </test-method> <!-- am -->
        <test-method is-config="true" signature="CLosingtheBrowser()[pri:0, instance:bms_TestScripts.TC_Plays_005_Test@5a56cdac]" started-at="2021-11-17T17:46:35 IST" name="CLosingtheBrowser" finished-at="2021-11-17T17:46:36 IST" duration-ms="914" status="PASS">
          <reporter-output>
          </reporter-output>
        </test-method> <!-- CLosingtheBrowser -->
      </class> <!-- bms_TestScripts.TC_Plays_005_Test -->
    </test> <!-- Default test -->
  </suite> <!-- Default suite -->
</testng-results>
